2026-05-21 21:13:45,449 - app.main - INFO - Starting Mortgage Approval Service...
2026-05-21 21:14:29,185 - app.main - INFO - Shutting down Mortgage Approval Service...
2026-05-21 21:22:09,446 - app.main - INFO - Starting Mortgage Approval Service...
2026-05-21 21:24:13,994 - app.main - INFO - Shutting down Mortgage Approval Service...
2026-05-21 21:24:15,388 - app.main - INFO - Starting Mortgage Approval Service...
2026-05-21 21:25:50,471 - app.main - INFO - Shutting down Mortgage Approval Service...
2026-05-21 21:25:51,820 - app.main - INFO - Starting Mortgage Approval Service...
2026-05-21 21:28:49,766 - app.services.predictor - INFO - Model successfully loaded
2026-05-21 21:28:51,929 - app.services.predictor - ERROR - Prediction error: The feature names should match those that were passed during fit.
Feature names seen at fit time, yet now missing:
- loan_intent
- person_education
- person_gender
- person_home_ownership
- previous_loan_defaults_on_file

2026-05-21 21:28:53,017 - app.services.predictor - ERROR - Prediction error: The feature names should match those that were passed during fit.
Feature names seen at fit time, yet now missing:
- loan_intent
- person_education
- person_gender
- person_home_ownership
- previous_loan_defaults_on_file

2026-05-21 21:29:01,684 - app.services.predictor - INFO - Model successfully loaded
2026-05-21 21:29:02,849 - app.services.predictor - ERROR - Prediction error: The feature names should match those that were passed during fit.
Feature names seen at fit time, yet now missing:
- loan_intent
- person_education
- person_gender
- person_home_ownership
- previous_loan_defaults_on_file

2026-05-21 21:29:31,403 - app.services.predictor - ERROR - Prediction error: The feature names should match those that were passed during fit.
Feature names must be in the same order as they were in fit.

2026-05-21 21:29:32,169 - app.services.predictor - ERROR - Prediction error: The feature names should match those that were passed during fit.
Feature names must be in the same order as they were in fit.

2026-05-21 21:30:33,548 - app.services.predictor - ERROR - Prediction error: The feature names should match those that were passed during fit.
Feature names must be in the same order as they were in fit.

2026-05-21 21:31:27,132 - app.main - INFO - Shutting down Mortgage Approval Service...
2026-05-21 21:32:10,328 - app.main - INFO - Starting Mortgage Approval Service...
2026-05-21 21:32:31,338 - app.services.predictor - INFO - Model successfully loaded
2026-05-21 21:32:39,665 - app.main - INFO - Shutting down Mortgage Approval Service...
2026-05-21 21:32:44,994 - app.main - INFO - Starting Mortgage Approval Service...
2026-05-21 21:32:58,547 - app.services.predictor - INFO - Model successfully loaded
2026-05-21 21:33:01,746 - app.services.predictor - ERROR - Prediction error: Missing features: {'person_home_ownership', 'loan_intent', 'person_education', 'previous_loan_defaults_on_file', 'person_gender'}
2026-05-21 21:33:08,231 - app.services.predictor - INFO - Predictions made for 1 records
2026-05-21 21:33:55,270 - app.services.predictor - ERROR - CSV prediction error: could not convert string to float: 'female'
2026-05-21 21:34:46,166 - app.main - INFO - Shutting down Mortgage Approval Service...
2026-05-21 21:37:03,908 - app.main - INFO - Starting Mortgage Approval Service...
2026-05-21 21:37:15,496 - app.services.predictor - INFO - Model loaded successfully
2026-05-21 21:37:16,970 - app.services.predictor - ERROR - Prediction error: "['person_gender', 'person_education', 'person_home_ownership', 'loan_intent', 'previous_loan_defaults_on_file'] not in index"
2026-05-21 21:37:31,200 - app.services.predictor - INFO - Predictions made for 1 records
2026-05-21 21:37:35,684 - app.services.predictor - INFO - CSV predictions made for 200 records
2026-05-21 21:38:57,711 - app.main - INFO - Shutting down Mortgage Approval Service...
2026-05-21 21:40:05,905 - app.main - INFO - Starting Mortgage Approval Service...
2026-05-21 21:40:18,320 - app.services.predictor - INFO - Model loaded successfully
2026-05-21 21:40:22,600 - app.services.predictor - INFO - Predictions made for 1 records
2026-05-21 21:40:27,681 - app.services.predictor - INFO - CSV predictions made for 200 records
2026-05-21 21:42:26,809 - app.main - INFO - Shutting down Mortgage Approval Service...
2026-05-21 21:42:28,134 - app.main - INFO - Starting Mortgage Approval Service...
2026-05-21 21:42:37,776 - app.services.predictor - INFO - Model loaded successfully
2026-05-21 21:42:40,504 - app.services.predictor - INFO - Predictions made for 1 records
2026-05-21 21:42:44,130 - app.services.predictor - INFO - CSV predictions made for 200 records
2026-05-21 22:32:45,141 - app.main - INFO - Shutting down Mortgage Approval Service...
2026-05-21 22:38:03,978 - app.main - INFO - Starting Mortgage Approval Service...
2026-05-21 22:38:30,354 - app.services.predictor - INFO - Model loaded successfully
2026-05-21 22:38:34,256 - app.services.predictor - INFO - Predictions made for 1 records
2026-05-21 22:38:43,282 - app.services.predictor - INFO - CSV predictions made for 200 records
2026-05-25 15:03:19,898 - app.main - INFO - Starting Mortgage Approval Service...
2026-05-25 15:03:37,621 - app.services.predictor - INFO - Model loaded successfully
2026-05-25 15:03:40,069 - app.services.predictor - INFO - Predictions made for 1 records
2026-05-25 15:03:46,006 - app.services.predictor - INFO - CSV predictions made for 200 records
2026-05-25 15:03:47,882 - app.services.predictor - INFO - CSV predictions made for 200 records
2026-05-25 15:05:18,232 - app.main - INFO - Shutting down Mortgage Approval Service...
2026-05-25 15:08:28,904 - app.main - INFO - Starting Mortgage Approval Service...
2026-05-25 15:08:42,596 - app.services.predictor - INFO - Model 'unknown.pkl' loaded (id=1)
2026-05-25 15:08:43,560 - app.services.predictor - INFO - Predictions made for 1 records
2026-05-25 15:08:47,582 - app.services.predictor - INFO - CSV predictions made for 200 records
2026-05-25 15:09:15,169 - app.main - INFO - Shutting down Mortgage Approval Service...
2026-05-25 15:09:16,487 - app.main - INFO - Starting Mortgage Approval Service...
2026-05-25 15:30:15,263 - app.main - INFO - Shutting down Mortgage Approval Service...
